2024-08-01 09:19:29 INFO  o.h.validator.internal.util.Version - HV000001: Hibernate Validator 8.0.1.Final
2024-08-01 09:19:29 INFO  c.s.p.PublicClassDevApplication - Starting PublicClassDevApplication using Java 17.0.11 with PID 181352 (F:\Sparta\Team Project\PublicClassDev\public_class_Dev\build\classes\java\main started by hyeon in F:\Sparta\Team Project\PublicClassDev\public_class_Dev)
2024-08-01 09:19:29 INFO  c.s.p.PublicClassDevApplication - No active profile set, falling back to 1 default profile: "default"
2024-08-01 09:19:31 INFO  o.s.b.c.c.annotation.BatchRegistrar - Finished Spring Batch infrastructure beans configuration in 8 ms.
2024-08-01 09:19:31 INFO  o.s.d.r.c.RepositoryConfigurationDelegate - Multiple Spring Data modules found, entering strict repository configuration mode
2024-08-01 09:19:31 INFO  o.s.d.r.c.RepositoryConfigurationDelegate - Bootstrapping Spring Data JDBC repositories in DEFAULT mode.
2024-08-01 09:19:31 INFO  o.s.d.r.c.RepositoryConfigurationExtensionSupport - Spring Data JDBC - Could not safely identify store assignment for repository candidate interface com.sparta.publicclassdev.domain.chatrooms.repository.ChatRoomsRepository; If you want this repository to be a JDBC repository, consider annotating your entities with one of these annotations: org.springframework.data.relational.core.mapping.Table.
2024-08-01 09:19:31 INFO  o.s.d.r.c.RepositoryConfigurationExtensionSupport - Spring Data JDBC - Could not safely identify store assignment for repository candidate interface com.sparta.publicclassdev.domain.chatrooms.repository.ChatRoomUsersRepository; If you want this repository to be a JDBC repository, consider annotating your entities with one of these annotations: org.springframework.data.relational.core.mapping.Table.
2024-08-01 09:19:31 INFO  o.s.d.r.c.RepositoryConfigurationExtensionSupport - Spring Data JDBC - Could not safely identify store assignment for repository candidate interface com.sparta.publicclassdev.domain.chatrooms.repository.MessagesRepository; If you want this repository to be a JDBC repository, consider annotating your entities with one of these annotations: org.springframework.data.relational.core.mapping.Table.
2024-08-01 09:19:31 INFO  o.s.d.r.c.RepositoryConfigurationExtensionSupport - Spring Data JDBC - Could not safely identify store assignment for repository candidate interface com.sparta.publicclassdev.domain.codekatas.repository.CodeKatasRepository; If you want this repository to be a JDBC repository, consider annotating your entities with one of these annotations: org.springframework.data.relational.core.mapping.Table.
2024-08-01 09:19:31 INFO  o.s.d.r.c.RepositoryConfigurationExtensionSupport - Spring Data JDBC - Could not safely identify store assignment for repository candidate interface com.sparta.publicclassdev.domain.codereviewcomment.repository.CodeReviewCommentsRepository; If you want this repository to be a JDBC repository, consider annotating your entities with one of these annotations: org.springframework.data.relational.core.mapping.Table.
2024-08-01 09:19:31 INFO  o.s.d.r.c.RepositoryConfigurationExtensionSupport - Spring Data JDBC - Could not safely identify store assignment for repository candidate interface com.sparta.publicclassdev.domain.codereview.repository.CodeReviewsRepository; If you want this repository to be a JDBC repository, consider annotating your entities with one of these annotations: org.springframework.data.relational.core.mapping.Table.
2024-08-01 09:19:31 INFO  o.s.d.r.c.RepositoryConfigurationExtensionSupport - Spring Data JDBC - Could not safely identify store assignment for repository candidate interface com.sparta.publicclassdev.domain.coderuns.repository.CodeRunsRepository; If you want this repository to be a JDBC repository, consider annotating your entities with one of these annotations: org.springframework.data.relational.core.mapping.Table.
2024-08-01 09:19:31 INFO  o.s.d.r.c.RepositoryConfigurationExtensionSupport - Spring Data JDBC - Could not safely identify store assignment for repository candidate interface com.sparta.publicclassdev.domain.communitycomments.repository.CommunityCommentsRepository; If you want this repository to be a JDBC repository, consider annotating your entities with one of these annotations: org.springframework.data.relational.core.mapping.Table.
2024-08-01 09:19:31 INFO  o.s.d.r.c.RepositoryConfigurationExtensionSupport - Spring Data JDBC - Could not safely identify store assignment for repository candidate interface com.sparta.publicclassdev.domain.community.repository.CommunitiesRepository; If you want this repository to be a JDBC repository, consider annotating your entities with one of these annotations: org.springframework.data.relational.core.mapping.Table.
2024-08-01 09:19:31 INFO  o.s.d.r.c.RepositoryConfigurationExtensionSupport - Spring Data JDBC - Could not safely identify store assignment for repository candidate interface com.sparta.publicclassdev.domain.likes.repository.LikesRepository; If you want this repository to be a JDBC repository, consider annotating your entities with one of these annotations: org.springframework.data.relational.core.mapping.Table.
2024-08-01 09:19:31 INFO  o.s.d.r.c.RepositoryConfigurationExtensionSupport - Spring Data JDBC - Could not safely identify store assignment for repository candidate interface com.sparta.publicclassdev.domain.teams.repository.TeamsRepository; If you want this repository to be a JDBC repository, consider annotating your entities with one of these annotations: org.springframework.data.relational.core.mapping.Table.
2024-08-01 09:19:31 INFO  o.s.d.r.c.RepositoryConfigurationExtensionSupport - Spring Data JDBC - Could not safely identify store assignment for repository candidate interface com.sparta.publicclassdev.domain.teams.repository.TeamUsersRepository; If you want this repository to be a JDBC repository, consider annotating your entities with one of these annotations: org.springframework.data.relational.core.mapping.Table.
2024-08-01 09:19:31 INFO  o.s.d.r.c.RepositoryConfigurationExtensionSupport - Spring Data JDBC - Could not safely identify store assignment for repository candidate interface com.sparta.publicclassdev.domain.users.repository.UsersRepository; If you want this repository to be a JDBC repository, consider annotating your entities with one of these annotations: org.springframework.data.relational.core.mapping.Table.
2024-08-01 09:19:31 INFO  o.s.d.r.c.RepositoryConfigurationExtensionSupport - Spring Data JDBC - Could not safely identify store assignment for repository candidate interface com.sparta.publicclassdev.domain.winners.repository.WinnersRepository; If you want this repository to be a JDBC repository, consider annotating your entities with one of these annotations: org.springframework.data.relational.core.mapping.Table.
2024-08-01 09:19:31 INFO  o.s.d.r.c.RepositoryConfigurationDelegate - Finished Spring Data repository scanning in 81 ms. Found 0 JDBC repository interfaces.
2024-08-01 09:19:32 INFO  o.s.d.r.c.RepositoryConfigurationDelegate - Multiple Spring Data modules found, entering strict repository configuration mode
2024-08-01 09:19:32 INFO  o.s.d.r.c.RepositoryConfigurationDelegate - Bootstrapping Spring Data JPA repositories in DEFAULT mode.
2024-08-01 09:19:32 INFO  o.s.d.r.c.RepositoryConfigurationDelegate - Finished Spring Data repository scanning in 288 ms. Found 14 JPA repository interfaces.
2024-08-01 09:19:32 INFO  o.s.d.r.c.RepositoryConfigurationDelegate - Multiple Spring Data modules found, entering strict repository configuration mode
2024-08-01 09:19:32 INFO  o.s.d.r.c.RepositoryConfigurationDelegate - Bootstrapping Spring Data Redis repositories in DEFAULT mode.
2024-08-01 09:19:32 INFO  o.s.d.r.c.RepositoryConfigurationExtensionSupport - Spring Data Redis - Could not safely identify store assignment for repository candidate interface com.sparta.publicclassdev.domain.chatrooms.repository.ChatRoomsRepository; If you want this repository to be a Redis repository, consider annotating your entities with one of these annotations: org.springframework.data.redis.core.RedisHash (preferred), or consider extending one of the following types with your repository: org.springframework.data.keyvalue.repository.KeyValueRepository
2024-08-01 09:19:32 INFO  o.s.d.r.c.RepositoryConfigurationExtensionSupport - Spring Data Redis - Could not safely identify store assignment for repository candidate interface com.sparta.publicclassdev.domain.chatrooms.repository.ChatRoomUsersRepository; If you want this repository to be a Redis repository, consider annotating your entities with one of these annotations: org.springframework.data.redis.core.RedisHash (preferred), or consider extending one of the following types with your repository: org.springframework.data.keyvalue.repository.KeyValueRepository
2024-08-01 09:19:32 INFO  o.s.d.r.c.RepositoryConfigurationExtensionSupport - Spring Data Redis - Could not safely identify store assignment for repository candidate interface com.sparta.publicclassdev.domain.chatrooms.repository.MessagesRepository; If you want this repository to be a Redis repository, consider annotating your entities with one of these annotations: org.springframework.data.redis.core.RedisHash (preferred), or consider extending one of the following types with your repository: org.springframework.data.keyvalue.repository.KeyValueRepository
2024-08-01 09:19:32 INFO  o.s.d.r.c.RepositoryConfigurationExtensionSupport - Spring Data Redis - Could not safely identify store assignment for repository candidate interface com.sparta.publicclassdev.domain.codekatas.repository.CodeKatasRepository; If you want this repository to be a Redis repository, consider annotating your entities with one of these annotations: org.springframework.data.redis.core.RedisHash (preferred), or consider extending one of the following types with your repository: org.springframework.data.keyvalue.repository.KeyValueRepository
2024-08-01 09:19:32 INFO  o.s.d.r.c.RepositoryConfigurationExtensionSupport - Spring Data Redis - Could not safely identify store assignment for repository candidate interface com.sparta.publicclassdev.domain.codereviewcomment.repository.CodeReviewCommentsRepository; If you want this repository to be a Redis repository, consider annotating your entities with one of these annotations: org.springframework.data.redis.core.RedisHash (preferred), or consider extending one of the following types with your repository: org.springframework.data.keyvalue.repository.KeyValueRepository
2024-08-01 09:19:32 INFO  o.s.d.r.c.RepositoryConfigurationExtensionSupport - Spring Data Redis - Could not safely identify store assignment for repository candidate interface com.sparta.publicclassdev.domain.codereview.repository.CodeReviewsRepository; If you want this repository to be a Redis repository, consider annotating your entities with one of these annotations: org.springframework.data.redis.core.RedisHash (preferred), or consider extending one of the following types with your repository: org.springframework.data.keyvalue.repository.KeyValueRepository
2024-08-01 09:19:32 INFO  o.s.d.r.c.RepositoryConfigurationExtensionSupport - Spring Data Redis - Could not safely identify store assignment for repository candidate interface com.sparta.publicclassdev.domain.coderuns.repository.CodeRunsRepository; If you want this repository to be a Redis repository, consider annotating your entities with one of these annotations: org.springframework.data.redis.core.RedisHash (preferred), or consider extending one of the following types with your repository: org.springframework.data.keyvalue.repository.KeyValueRepository
2024-08-01 09:19:32 INFO  o.s.d.r.c.RepositoryConfigurationExtensionSupport - Spring Data Redis - Could not safely identify store assignment for repository candidate interface com.sparta.publicclassdev.domain.communitycomments.repository.CommunityCommentsRepository; If you want this repository to be a Redis repository, consider annotating your entities with one of these annotations: org.springframework.data.redis.core.RedisHash (preferred), or consider extending one of the following types with your repository: org.springframework.data.keyvalue.repository.KeyValueRepository
2024-08-01 09:19:32 INFO  o.s.d.r.c.RepositoryConfigurationExtensionSupport - Spring Data Redis - Could not safely identify store assignment for repository candidate interface com.sparta.publicclassdev.domain.community.repository.CommunitiesRepository; If you want this repository to be a Redis repository, consider annotating your entities with one of these annotations: org.springframework.data.redis.core.RedisHash (preferred), or consider extending one of the following types with your repository: org.springframework.data.keyvalue.repository.KeyValueRepository
2024-08-01 09:19:32 INFO  o.s.d.r.c.RepositoryConfigurationExtensionSupport - Spring Data Redis - Could not safely identify store assignment for repository candidate interface com.sparta.publicclassdev.domain.likes.repository.LikesRepository; If you want this repository to be a Redis repository, consider annotating your entities with one of these annotations: org.springframework.data.redis.core.RedisHash (preferred), or consider extending one of the following types with your repository: org.springframework.data.keyvalue.repository.KeyValueRepository
2024-08-01 09:19:32 INFO  o.s.d.r.c.RepositoryConfigurationExtensionSupport - Spring Data Redis - Could not safely identify store assignment for repository candidate interface com.sparta.publicclassdev.domain.teams.repository.TeamsRepository; If you want this repository to be a Redis repository, consider annotating your entities with one of these annotations: org.springframework.data.redis.core.RedisHash (preferred), or consider extending one of the following types with your repository: org.springframework.data.keyvalue.repository.KeyValueRepository
2024-08-01 09:19:32 INFO  o.s.d.r.c.RepositoryConfigurationExtensionSupport - Spring Data Redis - Could not safely identify store assignment for repository candidate interface com.sparta.publicclassdev.domain.teams.repository.TeamUsersRepository; If you want this repository to be a Redis repository, consider annotating your entities with one of these annotations: org.springframework.data.redis.core.RedisHash (preferred), or consider extending one of the following types with your repository: org.springframework.data.keyvalue.repository.KeyValueRepository
2024-08-01 09:19:32 INFO  o.s.d.r.c.RepositoryConfigurationExtensionSupport - Spring Data Redis - Could not safely identify store assignment for repository candidate interface com.sparta.publicclassdev.domain.users.repository.UsersRepository; If you want this repository to be a Redis repository, consider annotating your entities with one of these annotations: org.springframework.data.redis.core.RedisHash (preferred), or consider extending one of the following types with your repository: org.springframework.data.keyvalue.repository.KeyValueRepository
2024-08-01 09:19:32 INFO  o.s.d.r.c.RepositoryConfigurationExtensionSupport - Spring Data Redis - Could not safely identify store assignment for repository candidate interface com.sparta.publicclassdev.domain.winners.repository.WinnersRepository; If you want this repository to be a Redis repository, consider annotating your entities with one of these annotations: org.springframework.data.redis.core.RedisHash (preferred), or consider extending one of the following types with your repository: org.springframework.data.keyvalue.repository.KeyValueRepository
2024-08-01 09:19:32 INFO  o.s.d.r.c.RepositoryConfigurationDelegate - Finished Spring Data repository scanning in 16 ms. Found 0 Redis repository interfaces.
2024-08-01 09:19:33 WARN  o.s.c.s.PostProcessorRegistrationDelegate$BeanPostProcessorChecker - Bean 'jobRegistry' of type [org.springframework.batch.core.configuration.support.MapJobRegistry] is not eligible for getting processed by all BeanPostProcessors (for example: not eligible for auto-proxying). Is this bean getting eagerly injected into a currently created BeanPostProcessor [jobRegistryBeanPostProcessor]? Check the corresponding BeanPostProcessor declaration and its dependencies.
2024-08-01 09:19:33 INFO  o.s.b.w.e.tomcat.TomcatWebServer - Tomcat initialized with port 8080 (http)
2024-08-01 09:19:33 INFO  o.a.coyote.http11.Http11NioProtocol - Initializing ProtocolHandler ["http-nio-8080"]
2024-08-01 09:19:33 INFO  o.a.catalina.core.StandardService - Starting service [Tomcat]
2024-08-01 09:19:33 INFO  o.a.catalina.core.StandardEngine - Starting Servlet engine: [Apache Tomcat/10.1.26]
2024-08-01 09:19:33 INFO  o.a.c.c.C.[Tomcat].[localhost].[/] - Initializing Spring embedded WebApplicationContext
2024-08-01 09:19:33 INFO  o.s.b.w.s.c.ServletWebServerApplicationContext - Root WebApplicationContext: initialization completed in 3810 ms
2024-08-01 09:19:33 INFO  o.h.jpa.internal.util.LogHelper - HHH000204: Processing PersistenceUnitInfo [name: default]
2024-08-01 09:19:34 INFO  org.hibernate.Version - HHH000412: Hibernate ORM core version 6.5.2.Final
2024-08-01 09:19:34 INFO  o.h.c.i.RegionFactoryInitiator - HHH000026: Second-level cache disabled
2024-08-01 09:19:34 INFO  o.s.o.j.p.SpringPersistenceUnitInfo - No LoadTimeWeaver setup: ignoring JPA class transformer
2024-08-01 09:19:34 INFO  com.zaxxer.hikari.HikariDataSource - HikariPool-1 - Starting...
2024-08-01 09:19:35 INFO  com.zaxxer.hikari.pool.HikariPool - HikariPool-1 - Added connection com.mysql.cj.jdbc.ConnectionImpl@76c587ce
2024-08-01 09:19:35 INFO  com.zaxxer.hikari.HikariDataSource - HikariPool-1 - Start completed.
2024-08-01 09:19:36 INFO  o.h.m.i.EntityInstantiatorPojoStandard - HHH000182: No default (no-argument) constructor for class: com.sparta.publicclassdev.domain.chatrooms.entity.ChatRoomUsers (class must be instantiated by Interceptor)
2024-08-01 09:19:37 INFO  o.h.e.t.j.p.i.JtaPlatformInitiator - HHH000489: No JTA platform available (set 'hibernate.transaction.jta.platform' to enable JTA platform integration)
2024-08-01 09:19:37 INFO  o.s.o.j.LocalContainerEntityManagerFactoryBean - Initialized JPA EntityManagerFactory for persistence unit 'default'
2024-08-01 09:19:38 INFO  o.s.b.c.r.s.JobRepositoryFactoryBean - No database type set, using meta data indicating: MYSQL
2024-08-01 09:19:39 INFO  o.s.d.j.r.query.QueryEnhancerFactory - Hibernate is in classpath; If applicable, HQL parser will be used.
2024-08-01 09:19:40 INFO  c.s.p.d.c.service.CommunitiesService - cleanUpOldSearchData 시작
2024-08-01 09:19:40 INFO  c.s.p.d.c.service.CommunitiesService - cleanUpOldSearchData 완료
2024-08-01 09:19:40 INFO  o.s.b.c.c.a.BatchObservabilityBeanPostProcessor - No Micrometer observation registry found, defaulting to ObservationRegistry.NOOP
2024-08-01 09:19:40 INFO  o.s.b.c.c.a.BatchObservabilityBeanPostProcessor - No Micrometer observation registry found, defaulting to ObservationRegistry.NOOP
2024-08-01 09:19:40 INFO  o.s.b.c.l.support.SimpleJobLauncher - No TaskExecutor has been set, defaulting to synchronous executor.
2024-08-01 09:19:41 WARN  o.s.b.a.o.j.JpaBaseConfiguration$JpaWebConfiguration - spring.jpa.open-in-view is enabled by default. Therefore, database queries may be performed during view rendering. Explicitly configure spring.jpa.open-in-view to disable this warning
2024-08-01 09:19:41 INFO  o.s.s.c.a.a.c.InitializeUserDetailsBeanManagerConfigurer$InitializeUserDetailsManagerConfigurer - Global AuthenticationManager configured with UserDetailsService bean with name userDetailsServiceImpl
2024-08-01 09:19:42 INFO  org.quartz.impl.StdSchedulerFactory - Using default implementation for ThreadExecutor
2024-08-01 09:19:42 INFO  o.quartz.core.SchedulerSignalerImpl - Initialized Scheduler Signaller of type: class org.quartz.core.SchedulerSignalerImpl
2024-08-01 09:19:42 INFO  org.quartz.core.QuartzScheduler - Quartz Scheduler v.2.3.2 created.
2024-08-01 09:19:42 INFO  org.quartz.simpl.RAMJobStore - RAMJobStore initialized.
2024-08-01 09:19:42 INFO  org.quartz.core.QuartzScheduler - Scheduler meta-data: Quartz Scheduler (v2.3.2) 'quartzScheduler' with instanceId 'NON_CLUSTERED'
  Scheduler class: 'org.quartz.core.QuartzScheduler' - running locally.
  NOT STARTED.
  Currently in standby mode.
  Number of jobs executed: 0
  Using thread pool 'org.quartz.simpl.SimpleThreadPool' - with 10 threads.
  Using job-store 'org.quartz.simpl.RAMJobStore' - which does not support persistence. and is not clustered.

2024-08-01 09:19:42 INFO  org.quartz.impl.StdSchedulerFactory - Quartz scheduler 'quartzScheduler' initialized from an externally provided properties instance.
2024-08-01 09:19:42 INFO  org.quartz.impl.StdSchedulerFactory - Quartz scheduler version: 2.3.2
2024-08-01 09:19:42 INFO  org.quartz.core.QuartzScheduler - JobFactory set to: org.springframework.scheduling.quartz.SpringBeanJobFactory@172cabe2
2024-08-01 09:19:42 INFO  o.a.coyote.http11.Http11NioProtocol - Starting ProtocolHandler ["http-nio-8080"]
2024-08-01 09:19:42 INFO  o.s.b.w.e.tomcat.TomcatWebServer - Tomcat started on port 8080 (http) with context path '/'
2024-08-01 09:19:42 INFO  o.s.m.s.b.SimpleBrokerMessageHandler - Starting...
2024-08-01 09:19:42 INFO  o.s.m.s.b.SimpleBrokerMessageHandler - BrokerAvailabilityEvent[available=true, SimpleBrokerMessageHandler [org.springframework.messaging.simp.broker.DefaultSubscriptionRegistry@4dec9271]]
2024-08-01 09:19:42 INFO  o.s.m.s.b.SimpleBrokerMessageHandler - Started.
2024-08-01 09:19:42 INFO  o.s.s.quartz.SchedulerFactoryBean - Starting Quartz Scheduler now
2024-08-01 09:19:42 INFO  org.quartz.core.QuartzScheduler - Scheduler quartzScheduler_$_NON_CLUSTERED started.
2024-08-01 09:19:42 INFO  c.s.p.PublicClassDevApplication - Started PublicClassDevApplication in 13.544 seconds (process running for 14.694)
2024-08-01 09:20:42 INFO  o.s.w.s.c.WebSocketMessageBrokerStats - WebSocketSession[0 current WS(0)-HttpStream(0)-HttpPoll(0), 0 total, 0 closed abnormally (0 connect failure, 0 send limit, 0 transport error)], stompSubProtocol[processed CONNECT(0)-CONNECTED(0)-DISCONNECT(0)], stompBrokerRelay[null], inboundChannel[pool size = 0, active threads = 0, queued tasks = 0, completed tasks = 0], outboundChannel[pool size = 0, active threads = 0, queued tasks = 0, completed tasks = 0], sockJsScheduler[pool size = 5, active threads = 1, queued tasks = 3, completed tasks = 1]
2024-08-01 09:50:42 INFO  o.s.w.s.c.WebSocketMessageBrokerStats - WebSocketSession[0 current WS(0)-HttpStream(0)-HttpPoll(0), 0 total, 0 closed abnormally (0 connect failure, 0 send limit, 0 transport error)], stompSubProtocol[processed CONNECT(0)-CONNECTED(0)-DISCONNECT(0)], stompBrokerRelay[null], inboundChannel[pool size = 0, active threads = 0, queued tasks = 0, completed tasks = 0], outboundChannel[pool size = 0, active threads = 0, queued tasks = 0, completed tasks = 0], sockJsScheduler[pool size = 7, active threads = 1, queued tasks = 3, completed tasks = 3]
2024-08-01 09:50:43 INFO  o.a.c.c.C.[Tomcat].[localhost].[/] - Initializing Spring DispatcherServlet 'dispatcherServlet'
2024-08-01 09:50:43 INFO  o.s.web.servlet.DispatcherServlet - Initializing Servlet 'dispatcherServlet'
2024-08-01 09:50:43 INFO  o.s.web.servlet.DispatcherServlet - Completed initialization in 2 ms
2024-08-01 09:50:50 INFO  JWT 검증 및 인가 - eyJhbGciOiJIUzI1NiJ9.eyJzdWIiOiJhZG1pbjAxQGVtYWlsLmNvbSIsImF1dGgiOiJBRE1JTiIsImV4cCI6MTcyMjM4NjY0NywiaWF0IjoxNzIyMzg0ODQ3fQ.sfAivi0qSYUy9TjkaQ0AEM060ooGqS2uH2UQhfWRXm0
2024-08-01 09:50:50 ERROR JWT 관련 로그 - Expired JWT token, 만료된 JWT token 입니다.
2024-08-01 09:50:50 ERROR JWT 검증 및 인가 - Token Error
2024-08-01 09:51:04 INFO  JWT 검증 및 인가 - eyJhbGciOiJIUzI1NiJ9.eyJzdWIiOiJhZG1pbjAxQGVtYWlsLmNvbSIsImF1dGgiOiJBRE1JTiIsImV4cCI6MTcyMjQ3NTI0NCwiaWF0IjoxNzIyNDczNDQ0fQ.cM7NjHGLIn8csmZn9EE5C03NdvXMqIPpiUFw5Rzgg8E
2024-08-01 09:51:04 WARN  com.amazonaws.util.Base64 - JAXB is unavailable. Will fallback to SDK implementation which may be less performant.If you are using Java 9+, you will need to include javax.xml.bind:jaxb-api as a dependency.
2024-08-01 09:52:14 INFO  o.s.m.s.b.SimpleBrokerMessageHandler - Stopping...
2024-08-01 09:52:14 INFO  o.s.m.s.b.SimpleBrokerMessageHandler - BrokerAvailabilityEvent[available=false, SimpleBrokerMessageHandler [org.springframework.messaging.simp.broker.DefaultSubscriptionRegistry@4dec9271]]
2024-08-01 09:52:14 INFO  o.s.m.s.b.SimpleBrokerMessageHandler - Stopped.
2024-08-01 09:52:14 INFO  org.quartz.core.QuartzScheduler - Scheduler quartzScheduler_$_NON_CLUSTERED paused.
2024-08-01 09:52:14 INFO  o.s.s.quartz.SchedulerFactoryBean - Shutting down Quartz Scheduler
2024-08-01 09:52:14 INFO  org.quartz.core.QuartzScheduler - Scheduler quartzScheduler_$_NON_CLUSTERED shutting down.
2024-08-01 09:52:14 INFO  org.quartz.core.QuartzScheduler - Scheduler quartzScheduler_$_NON_CLUSTERED paused.
2024-08-01 09:52:14 INFO  org.quartz.core.QuartzScheduler - Scheduler quartzScheduler_$_NON_CLUSTERED shutdown complete.
2024-08-01 09:52:14 INFO  o.s.o.j.LocalContainerEntityManagerFactoryBean - Closing JPA EntityManagerFactory for persistence unit 'default'
2024-08-01 09:52:14 INFO  com.zaxxer.hikari.HikariDataSource - HikariPool-1 - Shutdown initiated...
2024-08-01 09:52:15 INFO  com.zaxxer.hikari.HikariDataSource - HikariPool-1 - Shutdown completed.
2024-08-01 23:27:19 INFO  o.h.validator.internal.util.Version - HV000001: Hibernate Validator 8.0.1.Final
2024-08-01 23:27:19 INFO  c.s.p.PublicClassDevApplication - Starting PublicClassDevApplication using Java 17.0.11 with PID 150084 (F:\Sparta\Team Project\PublicClassDev\public_class_Dev\build\classes\java\main started by hyeon in F:\Sparta\Team Project\PublicClassDev\public_class_Dev)
2024-08-01 23:27:19 INFO  c.s.p.PublicClassDevApplication - No active profile set, falling back to 1 default profile: "default"
2024-08-01 23:27:22 INFO  o.s.b.c.c.annotation.BatchRegistrar - Finished Spring Batch infrastructure beans configuration in 11 ms.
2024-08-01 23:27:22 INFO  o.s.d.r.c.RepositoryConfigurationDelegate - Multiple Spring Data modules found, entering strict repository configuration mode
2024-08-01 23:27:22 INFO  o.s.d.r.c.RepositoryConfigurationDelegate - Bootstrapping Spring Data JDBC repositories in DEFAULT mode.
2024-08-01 23:27:22 INFO  o.s.d.r.c.RepositoryConfigurationExtensionSupport - Spring Data JDBC - Could not safely identify store assignment for repository candidate interface com.sparta.publicclassdev.domain.chatrooms.repository.ChatRoomsRepository; If you want this repository to be a JDBC repository, consider annotating your entities with one of these annotations: org.springframework.data.relational.core.mapping.Table.
2024-08-01 23:27:22 INFO  o.s.d.r.c.RepositoryConfigurationExtensionSupport - Spring Data JDBC - Could not safely identify store assignment for repository candidate interface com.sparta.publicclassdev.domain.chatrooms.repository.ChatRoomUsersRepository; If you want this repository to be a JDBC repository, consider annotating your entities with one of these annotations: org.springframework.data.relational.core.mapping.Table.
2024-08-01 23:27:22 INFO  o.s.d.r.c.RepositoryConfigurationExtensionSupport - Spring Data JDBC - Could not safely identify store assignment for repository candidate interface com.sparta.publicclassdev.domain.chatrooms.repository.MessagesRepository; If you want this repository to be a JDBC repository, consider annotating your entities with one of these annotations: org.springframework.data.relational.core.mapping.Table.
2024-08-01 23:27:22 INFO  o.s.d.r.c.RepositoryConfigurationExtensionSupport - Spring Data JDBC - Could not safely identify store assignment for repository candidate interface com.sparta.publicclassdev.domain.codekatas.repository.CodeKatasRepository; If you want this repository to be a JDBC repository, consider annotating your entities with one of these annotations: org.springframework.data.relational.core.mapping.Table.
2024-08-01 23:27:22 INFO  o.s.d.r.c.RepositoryConfigurationExtensionSupport - Spring Data JDBC - Could not safely identify store assignment for repository candidate interface com.sparta.publicclassdev.domain.codereviewcomment.repository.CodeReviewCommentsRepository; If you want this repository to be a JDBC repository, consider annotating your entities with one of these annotations: org.springframework.data.relational.core.mapping.Table.
2024-08-01 23:27:22 INFO  o.s.d.r.c.RepositoryConfigurationExtensionSupport - Spring Data JDBC - Could not safely identify store assignment for repository candidate interface com.sparta.publicclassdev.domain.codereview.repository.CodeReviewsRepository; If you want this repository to be a JDBC repository, consider annotating your entities with one of these annotations: org.springframework.data.relational.core.mapping.Table.
2024-08-01 23:27:22 INFO  o.s.d.r.c.RepositoryConfigurationExtensionSupport - Spring Data JDBC - Could not safely identify store assignment for repository candidate interface com.sparta.publicclassdev.domain.coderuns.repository.CodeRunsRepository; If you want this repository to be a JDBC repository, consider annotating your entities with one of these annotations: org.springframework.data.relational.core.mapping.Table.
2024-08-01 23:27:22 INFO  o.s.d.r.c.RepositoryConfigurationExtensionSupport - Spring Data JDBC - Could not safely identify store assignment for repository candidate interface com.sparta.publicclassdev.domain.communities.repository.CommunitiesRepository; If you want this repository to be a JDBC repository, consider annotating your entities with one of these annotations: org.springframework.data.relational.core.mapping.Table.
2024-08-01 23:27:22 INFO  o.s.d.r.c.RepositoryConfigurationExtensionSupport - Spring Data JDBC - Could not safely identify store assignment for repository candidate interface com.sparta.publicclassdev.domain.communitycomments.repository.CommunityCommentsRepository; If you want this repository to be a JDBC repository, consider annotating your entities with one of these annotations: org.springframework.data.relational.core.mapping.Table.
2024-08-01 23:27:22 INFO  o.s.d.r.c.RepositoryConfigurationExtensionSupport - Spring Data JDBC - Could not safely identify store assignment for repository candidate interface com.sparta.publicclassdev.domain.likes.repository.LikesRepository; If you want this repository to be a JDBC repository, consider annotating your entities with one of these annotations: org.springframework.data.relational.core.mapping.Table.
2024-08-01 23:27:22 INFO  o.s.d.r.c.RepositoryConfigurationExtensionSupport - Spring Data JDBC - Could not safely identify store assignment for repository candidate interface com.sparta.publicclassdev.domain.teams.repository.TeamsRepository; If you want this repository to be a JDBC repository, consider annotating your entities with one of these annotations: org.springframework.data.relational.core.mapping.Table.
2024-08-01 23:27:22 INFO  o.s.d.r.c.RepositoryConfigurationExtensionSupport - Spring Data JDBC - Could not safely identify store assignment for repository candidate interface com.sparta.publicclassdev.domain.teams.repository.TeamUsersRepository; If you want this repository to be a JDBC repository, consider annotating your entities with one of these annotations: org.springframework.data.relational.core.mapping.Table.
2024-08-01 23:27:22 INFO  o.s.d.r.c.RepositoryConfigurationExtensionSupport - Spring Data JDBC - Could not safely identify store assignment for repository candidate interface com.sparta.publicclassdev.domain.users.repository.UsersRepository; If you want this repository to be a JDBC repository, consider annotating your entities with one of these annotations: org.springframework.data.relational.core.mapping.Table.
2024-08-01 23:27:22 INFO  o.s.d.r.c.RepositoryConfigurationExtensionSupport - Spring Data JDBC - Could not safely identify store assignment for repository candidate interface com.sparta.publicclassdev.domain.winners.repository.WinnersRepository; If you want this repository to be a JDBC repository, consider annotating your entities with one of these annotations: org.springframework.data.relational.core.mapping.Table.
2024-08-01 23:27:22 INFO  o.s.d.r.c.RepositoryConfigurationDelegate - Finished Spring Data repository scanning in 78 ms. Found 0 JDBC repository interfaces.
2024-08-01 23:27:22 INFO  o.s.d.r.c.RepositoryConfigurationDelegate - Multiple Spring Data modules found, entering strict repository configuration mode
2024-08-01 23:27:22 INFO  o.s.d.r.c.RepositoryConfigurationDelegate - Bootstrapping Spring Data JPA repositories in DEFAULT mode.
2024-08-01 23:27:22 INFO  o.s.d.r.c.RepositoryConfigurationDelegate - Finished Spring Data repository scanning in 251 ms. Found 14 JPA repository interfaces.
2024-08-01 23:27:22 INFO  o.s.d.r.c.RepositoryConfigurationDelegate - Multiple Spring Data modules found, entering strict repository configuration mode
2024-08-01 23:27:22 INFO  o.s.d.r.c.RepositoryConfigurationDelegate - Bootstrapping Spring Data Redis repositories in DEFAULT mode.
2024-08-01 23:27:22 INFO  o.s.d.r.c.RepositoryConfigurationExtensionSupport - Spring Data Redis - Could not safely identify store assignment for repository candidate interface com.sparta.publicclassdev.domain.chatrooms.repository.ChatRoomsRepository; If you want this repository to be a Redis repository, consider annotating your entities with one of these annotations: org.springframework.data.redis.core.RedisHash (preferred), or consider extending one of the following types with your repository: org.springframework.data.keyvalue.repository.KeyValueRepository
2024-08-01 23:27:22 INFO  o.s.d.r.c.RepositoryConfigurationExtensionSupport - Spring Data Redis - Could not safely identify store assignment for repository candidate interface com.sparta.publicclassdev.domain.chatrooms.repository.ChatRoomUsersRepository; If you want this repository to be a Redis repository, consider annotating your entities with one of these annotations: org.springframework.data.redis.core.RedisHash (preferred), or consider extending one of the following types with your repository: org.springframework.data.keyvalue.repository.KeyValueRepository
2024-08-01 23:27:22 INFO  o.s.d.r.c.RepositoryConfigurationExtensionSupport - Spring Data Redis - Could not safely identify store assignment for repository candidate interface com.sparta.publicclassdev.domain.chatrooms.repository.MessagesRepository; If you want this repository to be a Redis repository, consider annotating your entities with one of these annotations: org.springframework.data.redis.core.RedisHash (preferred), or consider extending one of the following types with your repository: org.springframework.data.keyvalue.repository.KeyValueRepository
2024-08-01 23:27:22 INFO  o.s.d.r.c.RepositoryConfigurationExtensionSupport - Spring Data Redis - Could not safely identify store assignment for repository candidate interface com.sparta.publicclassdev.domain.codekatas.repository.CodeKatasRepository; If you want this repository to be a Redis repository, consider annotating your entities with one of these annotations: org.springframework.data.redis.core.RedisHash (preferred), or consider extending one of the following types with your repository: org.springframework.data.keyvalue.repository.KeyValueRepository
2024-08-01 23:27:22 INFO  o.s.d.r.c.RepositoryConfigurationExtensionSupport - Spring Data Redis - Could not safely identify store assignment for repository candidate interface com.sparta.publicclassdev.domain.codereviewcomment.repository.CodeReviewCommentsRepository; If you want this repository to be a Redis repository, consider annotating your entities with one of these annotations: org.springframework.data.redis.core.RedisHash (preferred), or consider extending one of the following types with your repository: org.springframework.data.keyvalue.repository.KeyValueRepository
2024-08-01 23:27:22 INFO  o.s.d.r.c.RepositoryConfigurationExtensionSupport - Spring Data Redis - Could not safely identify store assignment for repository candidate interface com.sparta.publicclassdev.domain.codereview.repository.CodeReviewsRepository; If you want this repository to be a Redis repository, consider annotating your entities with one of these annotations: org.springframework.data.redis.core.RedisHash (preferred), or consider extending one of the following types with your repository: org.springframework.data.keyvalue.repository.KeyValueRepository
2024-08-01 23:27:22 INFO  o.s.d.r.c.RepositoryConfigurationExtensionSupport - Spring Data Redis - Could not safely identify store assignment for repository candidate interface com.sparta.publicclassdev.domain.coderuns.repository.CodeRunsRepository; If you want this repository to be a Redis repository, consider annotating your entities with one of these annotations: org.springframework.data.redis.core.RedisHash (preferred), or consider extending one of the following types with your repository: org.springframework.data.keyvalue.repository.KeyValueRepository
2024-08-01 23:27:22 INFO  o.s.d.r.c.RepositoryConfigurationExtensionSupport - Spring Data Redis - Could not safely identify store assignment for repository candidate interface com.sparta.publicclassdev.domain.communities.repository.CommunitiesRepository; If you want this repository to be a Redis repository, consider annotating your entities with one of these annotations: org.springframework.data.redis.core.RedisHash (preferred), or consider extending one of the following types with your repository: org.springframework.data.keyvalue.repository.KeyValueRepository
2024-08-01 23:27:22 INFO  o.s.d.r.c.RepositoryConfigurationExtensionSupport - Spring Data Redis - Could not safely identify store assignment for repository candidate interface com.sparta.publicclassdev.domain.communitycomments.repository.CommunityCommentsRepository; If you want this repository to be a Redis repository, consider annotating your entities with one of these annotations: org.springframework.data.redis.core.RedisHash (preferred), or consider extending one of the following types with your repository: org.springframework.data.keyvalue.repository.KeyValueRepository
2024-08-01 23:27:22 INFO  o.s.d.r.c.RepositoryConfigurationExtensionSupport - Spring Data Redis - Could not safely identify store assignment for repository candidate interface com.sparta.publicclassdev.domain.likes.repository.LikesRepository; If you want this repository to be a Redis repository, consider annotating your entities with one of these annotations: org.springframework.data.redis.core.RedisHash (preferred), or consider extending one of the following types with your repository: org.springframework.data.keyvalue.repository.KeyValueRepository
2024-08-01 23:27:22 INFO  o.s.d.r.c.RepositoryConfigurationExtensionSupport - Spring Data Redis - Could not safely identify store assignment for repository candidate interface com.sparta.publicclassdev.domain.teams.repository.TeamsRepository; If you want this repository to be a Redis repository, consider annotating your entities with one of these annotations: org.springframework.data.redis.core.RedisHash (preferred), or consider extending one of the following types with your repository: org.springframework.data.keyvalue.repository.KeyValueRepository
2024-08-01 23:27:22 INFO  o.s.d.r.c.RepositoryConfigurationExtensionSupport - Spring Data Redis - Could not safely identify store assignment for repository candidate interface com.sparta.publicclassdev.domain.teams.repository.TeamUsersRepository; If you want this repository to be a Redis repository, consider annotating your entities with one of these annotations: org.springframework.data.redis.core.RedisHash (preferred), or consider extending one of the following types with your repository: org.springframework.data.keyvalue.repository.KeyValueRepository
2024-08-01 23:27:22 INFO  o.s.d.r.c.RepositoryConfigurationExtensionSupport - Spring Data Redis - Could not safely identify store assignment for repository candidate interface com.sparta.publicclassdev.domain.users.repository.UsersRepository; If you want this repository to be a Redis repository, consider annotating your entities with one of these annotations: org.springframework.data.redis.core.RedisHash (preferred), or consider extending one of the following types with your repository: org.springframework.data.keyvalue.repository.KeyValueRepository
2024-08-01 23:27:22 INFO  o.s.d.r.c.RepositoryConfigurationExtensionSupport - Spring Data Redis - Could not safely identify store assignment for repository candidate interface com.sparta.publicclassdev.domain.winners.repository.WinnersRepository; If you want this repository to be a Redis repository, consider annotating your entities with one of these annotations: org.springframework.data.redis.core.RedisHash (preferred), or consider extending one of the following types with your repository: org.springframework.data.keyvalue.repository.KeyValueRepository
2024-08-01 23:27:22 INFO  o.s.d.r.c.RepositoryConfigurationDelegate - Finished Spring Data repository scanning in 15 ms. Found 0 Redis repository interfaces.
2024-08-01 23:27:23 WARN  o.s.c.s.PostProcessorRegistrationDelegate$BeanPostProcessorChecker - Bean 'jobRegistry' of type [org.springframework.batch.core.configuration.support.MapJobRegistry] is not eligible for getting processed by all BeanPostProcessors (for example: not eligible for auto-proxying). Is this bean getting eagerly injected into a currently created BeanPostProcessor [jobRegistryBeanPostProcessor]? Check the corresponding BeanPostProcessor declaration and its dependencies.
2024-08-01 23:27:23 INFO  o.s.b.w.e.tomcat.TomcatWebServer - Tomcat initialized with port 8080 (http)
2024-08-01 23:27:23 INFO  o.a.coyote.http11.Http11NioProtocol - Initializing ProtocolHandler ["http-nio-8080"]
2024-08-01 23:27:23 INFO  o.a.catalina.core.StandardService - Starting service [Tomcat]
2024-08-01 23:27:23 INFO  o.a.catalina.core.StandardEngine - Starting Servlet engine: [Apache Tomcat/10.1.26]
2024-08-01 23:27:24 INFO  o.a.c.c.C.[Tomcat].[localhost].[/] - Initializing Spring embedded WebApplicationContext
2024-08-01 23:27:24 INFO  o.s.b.w.s.c.ServletWebServerApplicationContext - Root WebApplicationContext: initialization completed in 4448 ms
2024-08-01 23:27:24 INFO  o.h.jpa.internal.util.LogHelper - HHH000204: Processing PersistenceUnitInfo [name: default]
2024-08-01 23:27:24 INFO  org.hibernate.Version - HHH000412: Hibernate ORM core version 6.5.2.Final
2024-08-01 23:27:24 INFO  o.h.c.i.RegionFactoryInitiator - HHH000026: Second-level cache disabled
2024-08-01 23:27:24 INFO  o.s.o.j.p.SpringPersistenceUnitInfo - No LoadTimeWeaver setup: ignoring JPA class transformer
2024-08-01 23:27:24 INFO  com.zaxxer.hikari.HikariDataSource - HikariPool-1 - Starting...
2024-08-01 23:27:25 INFO  com.zaxxer.hikari.pool.HikariPool - HikariPool-1 - Added connection com.mysql.cj.jdbc.ConnectionImpl@59aa2fba
2024-08-01 23:27:25 INFO  com.zaxxer.hikari.HikariDataSource - HikariPool-1 - Start completed.
2024-08-01 23:27:27 INFO  o.h.m.i.EntityInstantiatorPojoStandard - HHH000182: No default (no-argument) constructor for class: com.sparta.publicclassdev.domain.chatrooms.entity.ChatRoomUsers (class must be instantiated by Interceptor)
2024-08-01 23:27:27 INFO  o.h.e.t.j.p.i.JtaPlatformInitiator - HHH000489: No JTA platform available (set 'hibernate.transaction.jta.platform' to enable JTA platform integration)
2024-08-01 23:27:28 INFO  o.s.o.j.LocalContainerEntityManagerFactoryBean - Initialized JPA EntityManagerFactory for persistence unit 'default'
2024-08-01 23:27:29 INFO  o.s.b.c.r.s.JobRepositoryFactoryBean - No database type set, using meta data indicating: MYSQL
2024-08-01 23:27:29 INFO  o.s.d.j.r.query.QueryEnhancerFactory - Hibernate is in classpath; If applicable, HQL parser will be used.
2024-08-01 23:27:30 INFO  c.s.p.d.c.service.CommunitiesService - cleanUpOldSearchData 시작
2024-08-01 23:27:31 INFO  c.s.p.d.c.service.CommunitiesService - cleanUpOldSearchData 완료
2024-08-01 23:27:31 INFO  o.s.b.c.c.a.BatchObservabilityBeanPostProcessor - No Micrometer observation registry found, defaulting to ObservationRegistry.NOOP
2024-08-01 23:27:31 INFO  o.s.b.c.c.a.BatchObservabilityBeanPostProcessor - No Micrometer observation registry found, defaulting to ObservationRegistry.NOOP
2024-08-01 23:27:31 INFO  o.s.b.c.l.support.SimpleJobLauncher - No TaskExecutor has been set, defaulting to synchronous executor.
2024-08-01 23:27:31 WARN  o.s.b.a.o.j.JpaBaseConfiguration$JpaWebConfiguration - spring.jpa.open-in-view is enabled by default. Therefore, database queries may be performed during view rendering. Explicitly configure spring.jpa.open-in-view to disable this warning
2024-08-01 23:27:32 INFO  o.s.s.c.a.a.c.InitializeUserDetailsBeanManagerConfigurer$InitializeUserDetailsManagerConfigurer - Global AuthenticationManager configured with UserDetailsService bean with name userDetailsServiceImpl
2024-08-01 23:27:32 INFO  org.quartz.impl.StdSchedulerFactory - Using default implementation for ThreadExecutor
2024-08-01 23:27:33 INFO  o.quartz.core.SchedulerSignalerImpl - Initialized Scheduler Signaller of type: class org.quartz.core.SchedulerSignalerImpl
2024-08-01 23:27:33 INFO  org.quartz.core.QuartzScheduler - Quartz Scheduler v.2.3.2 created.
2024-08-01 23:27:33 INFO  org.quartz.simpl.RAMJobStore - RAMJobStore initialized.
2024-08-01 23:27:33 INFO  org.quartz.core.QuartzScheduler - Scheduler meta-data: Quartz Scheduler (v2.3.2) 'quartzScheduler' with instanceId 'NON_CLUSTERED'
  Scheduler class: 'org.quartz.core.QuartzScheduler' - running locally.
  NOT STARTED.
  Currently in standby mode.
  Number of jobs executed: 0
  Using thread pool 'org.quartz.simpl.SimpleThreadPool' - with 10 threads.
  Using job-store 'org.quartz.simpl.RAMJobStore' - which does not support persistence. and is not clustered.

2024-08-01 23:27:33 INFO  org.quartz.impl.StdSchedulerFactory - Quartz scheduler 'quartzScheduler' initialized from an externally provided properties instance.
2024-08-01 23:27:33 INFO  org.quartz.impl.StdSchedulerFactory - Quartz scheduler version: 2.3.2
2024-08-01 23:27:33 INFO  org.quartz.core.QuartzScheduler - JobFactory set to: org.springframework.scheduling.quartz.SpringBeanJobFactory@c4231e8
2024-08-01 23:27:33 INFO  o.a.coyote.http11.Http11NioProtocol - Starting ProtocolHandler ["http-nio-8080"]
2024-08-01 23:27:33 INFO  o.s.b.w.e.tomcat.TomcatWebServer - Tomcat started on port 8080 (http) with context path '/'
2024-08-01 23:27:33 INFO  o.s.m.s.b.SimpleBrokerMessageHandler - Starting...
2024-08-01 23:27:33 INFO  o.s.m.s.b.SimpleBrokerMessageHandler - BrokerAvailabilityEvent[available=true, SimpleBrokerMessageHandler [org.springframework.messaging.simp.broker.DefaultSubscriptionRegistry@673dde08]]
2024-08-01 23:27:33 INFO  o.s.m.s.b.SimpleBrokerMessageHandler - Started.
2024-08-01 23:27:33 INFO  o.s.s.quartz.SchedulerFactoryBean - Starting Quartz Scheduler now
2024-08-01 23:27:33 INFO  org.quartz.core.QuartzScheduler - Scheduler quartzScheduler_$_NON_CLUSTERED started.
2024-08-01 23:27:33 INFO  c.s.p.PublicClassDevApplication - Started PublicClassDevApplication in 14.444 seconds (process running for 15.739)
2024-08-01 23:28:09 INFO  o.a.c.c.C.[Tomcat].[localhost].[/] - Initializing Spring DispatcherServlet 'dispatcherServlet'
2024-08-01 23:28:09 INFO  o.s.web.servlet.DispatcherServlet - Initializing Servlet 'dispatcherServlet'
2024-08-01 23:28:09 INFO  o.s.web.servlet.DispatcherServlet - Completed initialization in 1 ms
2024-08-01 23:28:33 INFO  o.s.w.s.c.WebSocketMessageBrokerStats - WebSocketSession[0 current WS(0)-HttpStream(0)-HttpPoll(0), 0 total, 0 closed abnormally (0 connect failure, 0 send limit, 0 transport error)], stompSubProtocol[processed CONNECT(0)-CONNECTED(0)-DISCONNECT(0)], stompBrokerRelay[null], inboundChannel[pool size = 0, active threads = 0, queued tasks = 0, completed tasks = 0], outboundChannel[pool size = 0, active threads = 0, queued tasks = 0, completed tasks = 0], sockJsScheduler[pool size = 5, active threads = 1, queued tasks = 3, completed tasks = 1]
2024-08-01 23:40:55 INFO  o.s.m.s.b.SimpleBrokerMessageHandler - Stopping...
2024-08-01 23:40:55 INFO  o.s.m.s.b.SimpleBrokerMessageHandler - BrokerAvailabilityEvent[available=false, SimpleBrokerMessageHandler [org.springframework.messaging.simp.broker.DefaultSubscriptionRegistry@673dde08]]
2024-08-01 23:40:55 INFO  o.s.m.s.b.SimpleBrokerMessageHandler - Stopped.
2024-08-01 23:40:55 INFO  org.quartz.core.QuartzScheduler - Scheduler quartzScheduler_$_NON_CLUSTERED paused.
2024-08-01 23:40:56 INFO  o.s.s.quartz.SchedulerFactoryBean - Shutting down Quartz Scheduler
2024-08-01 23:40:56 INFO  org.quartz.core.QuartzScheduler - Scheduler quartzScheduler_$_NON_CLUSTERED shutting down.
2024-08-01 23:40:56 INFO  org.quartz.core.QuartzScheduler - Scheduler quartzScheduler_$_NON_CLUSTERED paused.
2024-08-01 23:40:56 INFO  org.quartz.core.QuartzScheduler - Scheduler quartzScheduler_$_NON_CLUSTERED shutdown complete.
2024-08-01 23:40:56 INFO  o.s.o.j.LocalContainerEntityManagerFactoryBean - Closing JPA EntityManagerFactory for persistence unit 'default'
2024-08-01 23:40:56 INFO  com.zaxxer.hikari.HikariDataSource - HikariPool-1 - Shutdown initiated...
2024-08-01 23:40:56 INFO  com.zaxxer.hikari.HikariDataSource - HikariPool-1 - Shutdown completed.
